<?xml version="1.0" encoding="UTF-8"?>
<testsuite xmlns:xsi="http://www.w3.org/2001/XMLSchema-instance" xsi:noNamespaceSchemaLocation="https://maven.apache.org/surefire/maven-surefire-plugin/xsd/surefire-test-report.xsd" name="com.example.demo.BookingClientTests" time="4.315" tests="4" errors="0" skipped="0" failures="0">
  <properties>
    <property name="java.specification.version" value="21"/>
    <property name="sun.cpu.isalist" value="amd64"/>
    <property name="sun.jnu.encoding" value="Cp1251"/>
    <property name="java.class.path" value="C:\Users\KatyaPark11\Downloads\studentTestExamples\target\test-classes;C:\Users\KatyaPark11\Downloads\studentTestExamples\target\classes;C:\Users\KatyaPark11\.m2\repository\org\springframework\boot\spring-boot-starter-web\2.4.3\spring-boot-starter-web-2.4.3.jar;C:\Users\KatyaPark11\.m2\repository\org\springframework\boot\spring-boot-starter\2.4.3\spring-boot-starter-2.4.3.jar;C:\Users\KatyaPark11\.m2\repository\org\springframework\boot\spring-boot\2.4.3\spring-boot-2.4.3.jar;C:\Users\KatyaPark11\.m2\repository\org\springframework\boot\spring-boot-autoconfigure\2.4.3\spring-boot-autoconfigure-2.4.3.jar;C:\Users\KatyaPark11\.m2\repository\org\springframework\boot\spring-boot-starter-logging\2.4.3\spring-boot-starter-logging-2.4.3.jar;C:\Users\KatyaPark11\.m2\repository\ch\qos\logback\logback-classic\1.2.3\logback-classic-1.2.3.jar;C:\Users\KatyaPark11\.m2\repository\ch\qos\logback\logback-core\1.2.3\logback-core-1.2.3.jar;C:\Users\KatyaPark11\.m2\repository\org\apache\logging\log4j\log4j-to-slf4j\2.13.3\log4j-to-slf4j-2.13.3.jar;C:\Users\KatyaPark11\.m2\repository\org\apache\logging\log4j\log4j-api\2.13.3\log4j-api-2.13.3.jar;C:\Users\KatyaPark11\.m2\repository\org\slf4j\jul-to-slf4j\1.7.30\jul-to-slf4j-1.7.30.jar;C:\Users\KatyaPark11\.m2\repository\jakarta\annotation\jakarta.annotation-api\1.3.5\jakarta.annotation-api-1.3.5.jar;C:\Users\KatyaPark11\.m2\repository\org\yaml\snakeyaml\1.27\snakeyaml-1.27.jar;C:\Users\KatyaPark11\.m2\repository\org\springframework\boot\spring-boot-starter-json\2.4.3\spring-boot-starter-json-2.4.3.jar;C:\Users\KatyaPark11\.m2\repository\com\fasterxml\jackson\datatype\jackson-datatype-jdk8\2.11.4\jackson-datatype-jdk8-2.11.4.jar;C:\Users\KatyaPark11\.m2\repository\com\fasterxml\jackson\datatype\jackson-datatype-jsr310\2.11.4\jackson-datatype-jsr310-2.11.4.jar;C:\Users\KatyaPark11\.m2\repository\com\fasterxml\jackson\module\jackson-module-parameter-names\2.11.4\jackson-module-parameter-names-2.11.4.jar;C:\Users\KatyaPark11\.m2\repository\org\springframework\boot\spring-boot-starter-tomcat\2.4.3\spring-boot-starter-tomcat-2.4.3.jar;C:\Users\KatyaPark11\.m2\repository\org\apache\tomcat\embed\tomcat-embed-core\9.0.43\tomcat-embed-core-9.0.43.jar;C:\Users\KatyaPark11\.m2\repository\org\apache\tomcat\embed\tomcat-embed-websocket\9.0.43\tomcat-embed-websocket-9.0.43.jar;C:\Users\KatyaPark11\.m2\repository\org\springframework\spring-web\5.3.4\spring-web-5.3.4.jar;C:\Users\KatyaPark11\.m2\repository\org\springframework\spring-beans\5.3.4\spring-beans-5.3.4.jar;C:\Users\KatyaPark11\.m2\repository\org\springframework\spring-webmvc\5.3.4\spring-webmvc-5.3.4.jar;C:\Users\KatyaPark11\.m2\repository\org\springframework\spring-aop\5.3.4\spring-aop-5.3.4.jar;C:\Users\KatyaPark11\.m2\repository\org\springframework\spring-context\5.3.4\spring-context-5.3.4.jar;C:\Users\KatyaPark11\.m2\repository\org\springframework\spring-expression\5.3.4\spring-expression-5.3.4.jar;C:\Users\KatyaPark11\.m2\repository\org\projectlombok\lombok\1.18.30\lombok-1.18.30.jar;C:\Users\KatyaPark11\.m2\repository\org\springframework\boot\spring-boot-starter-test\2.4.3\spring-boot-starter-test-2.4.3.jar;C:\Users\KatyaPark11\.m2\repository\org\springframework\boot\spring-boot-test\2.4.3\spring-boot-test-2.4.3.jar;C:\Users\KatyaPark11\.m2\repository\org\springframework\boot\spring-boot-test-autoconfigure\2.4.3\spring-boot-test-autoconfigure-2.4.3.jar;C:\Users\KatyaPark11\.m2\repository\com\jayway\jsonpath\json-path\2.4.0\json-path-2.4.0.jar;C:\Users\KatyaPark11\.m2\repository\net\minidev\json-smart\2.3\json-smart-2.3.jar;C:\Users\KatyaPark11\.m2\repository\net\minidev\accessors-smart\1.2\accessors-smart-1.2.jar;C:\Users\KatyaPark11\.m2\repository\jakarta\xml\bind\jakarta.xml.bind-api\2.3.3\jakarta.xml.bind-api-2.3.3.jar;C:\Users\KatyaPark11\.m2\repository\jakarta\activation\jakarta.activation-api\1.2.2\jakarta.activation-api-1.2.2.jar;C:\Users\KatyaPark11\.m2\repository\org\hamcrest\hamcrest\2.2\hamcrest-2.2.jar;C:\Users\KatyaPark11\.m2\repository\org\junit\jupiter\junit-jupiter\5.7.1\junit-jupiter-5.7.1.jar;C:\Users\KatyaPark11\.m2\repository\org\junit\jupiter\junit-jupiter-api\5.7.1\junit-jupiter-api-5.7.1.jar;C:\Users\KatyaPark11\.m2\repository\org\apiguardian\apiguardian-api\1.1.0\apiguardian-api-1.1.0.jar;C:\Users\KatyaPark11\.m2\repository\org\opentest4j\opentest4j\1.2.0\opentest4j-1.2.0.jar;C:\Users\KatyaPark11\.m2\repository\org\junit\platform\junit-platform-commons\1.7.1\junit-platform-commons-1.7.1.jar;C:\Users\KatyaPark11\.m2\repository\org\junit\jupiter\junit-jupiter-params\5.7.1\junit-jupiter-params-5.7.1.jar;C:\Users\KatyaPark11\.m2\repository\org\junit\jupiter\junit-jupiter-engine\5.7.1\junit-jupiter-engine-5.7.1.jar;C:\Users\KatyaPark11\.m2\repository\org\junit\platform\junit-platform-engine\1.7.1\junit-platform-engine-1.7.1.jar;C:\Users\KatyaPark11\.m2\repository\org\mockito\mockito-core\3.6.28\mockito-core-3.6.28.jar;C:\Users\KatyaPark11\.m2\repository\net\bytebuddy\byte-buddy\1.10.20\byte-buddy-1.10.20.jar;C:\Users\KatyaPark11\.m2\repository\net\bytebuddy\byte-buddy-agent\1.10.20\byte-buddy-agent-1.10.20.jar;C:\Users\KatyaPark11\.m2\repository\org\objenesis\objenesis\3.1\objenesis-3.1.jar;C:\Users\KatyaPark11\.m2\repository\org\mockito\mockito-junit-jupiter\3.6.28\mockito-junit-jupiter-3.6.28.jar;C:\Users\KatyaPark11\.m2\repository\org\skyscreamer\jsonassert\1.5.0\jsonassert-1.5.0.jar;C:\Users\KatyaPark11\.m2\repository\com\vaadin\external\google\android-json\0.0.20131108.vaadin1\android-json-0.0.20131108.vaadin1.jar;C:\Users\KatyaPark11\.m2\repository\org\springframework\spring-core\5.3.4\spring-core-5.3.4.jar;C:\Users\KatyaPark11\.m2\repository\org\springframework\spring-jcl\5.3.4\spring-jcl-5.3.4.jar;C:\Users\KatyaPark11\.m2\repository\org\springframework\spring-test\5.3.4\spring-test-5.3.4.jar;C:\Users\KatyaPark11\.m2\repository\org\xmlunit\xmlunit-core\2.7.0\xmlunit-core-2.7.0.jar;C:\Users\KatyaPark11\.m2\repository\org\springframework\boot\spring-boot-starter-data-jpa\2.4.3\spring-boot-starter-data-jpa-2.4.3.jar;C:\Users\KatyaPark11\.m2\repository\org\springframework\boot\spring-boot-starter-aop\2.4.3\spring-boot-starter-aop-2.4.3.jar;C:\Users\KatyaPark11\.m2\repository\org\aspectj\aspectjweaver\1.9.6\aspectjweaver-1.9.6.jar;C:\Users\KatyaPark11\.m2\repository\org\springframework\boot\spring-boot-starter-jdbc\2.4.3\spring-boot-starter-jdbc-2.4.3.jar;C:\Users\KatyaPark11\.m2\repository\com\zaxxer\HikariCP\3.4.5\HikariCP-3.4.5.jar;C:\Users\KatyaPark11\.m2\repository\org\springframework\spring-jdbc\5.3.4\spring-jdbc-5.3.4.jar;C:\Users\KatyaPark11\.m2\repository\jakarta\transaction\jakarta.transaction-api\1.3.3\jakarta.transaction-api-1.3.3.jar;C:\Users\KatyaPark11\.m2\repository\jakarta\persistence\jakarta.persistence-api\2.2.3\jakarta.persistence-api-2.2.3.jar;C:\Users\KatyaPark11\.m2\repository\org\hibernate\hibernate-core\5.4.28.Final\hibernate-core-5.4.28.Final.jar;C:\Users\KatyaPark11\.m2\repository\org\jboss\logging\jboss-logging\3.4.1.Final\jboss-logging-3.4.1.Final.jar;C:\Users\KatyaPark11\.m2\repository\org\javassist\javassist\3.27.0-GA\javassist-3.27.0-GA.jar;C:\Users\KatyaPark11\.m2\repository\antlr\antlr\2.7.7\antlr-2.7.7.jar;C:\Users\KatyaPark11\.m2\repository\org\jboss\jandex\2.2.3.Final\jandex-2.2.3.Final.jar;C:\Users\KatyaPark11\.m2\repository\com\fasterxml\classmate\1.5.1\classmate-1.5.1.jar;C:\Users\KatyaPark11\.m2\repository\org\dom4j\dom4j\2.1.3\dom4j-2.1.3.jar;C:\Users\KatyaPark11\.m2\repository\org\hibernate\common\hibernate-commons-annotations\5.1.2.Final\hibernate-commons-annotations-5.1.2.Final.jar;C:\Users\KatyaPark11\.m2\repository\org\glassfish\jaxb\jaxb-runtime\2.3.3\jaxb-runtime-2.3.3.jar;C:\Users\KatyaPark11\.m2\repository\org\glassfish\jaxb\txw2\2.3.3\txw2-2.3.3.jar;C:\Users\KatyaPark11\.m2\repository\com\sun\istack\istack-commons-runtime\3.0.11\istack-commons-runtime-3.0.11.jar;C:\Users\KatyaPark11\.m2\repository\com\sun\activation\jakarta.activation\1.2.2\jakarta.activation-1.2.2.jar;C:\Users\KatyaPark11\.m2\repository\org\springframework\data\spring-data-jpa\2.4.5\spring-data-jpa-2.4.5.jar;C:\Users\KatyaPark11\.m2\repository\org\springframework\data\spring-data-commons\2.4.5\spring-data-commons-2.4.5.jar;C:\Users\KatyaPark11\.m2\repository\org\springframework\spring-orm\5.3.4\spring-orm-5.3.4.jar;C:\Users\KatyaPark11\.m2\repository\org\springframework\spring-tx\5.3.4\spring-tx-5.3.4.jar;C:\Users\KatyaPark11\.m2\repository\org\springframework\spring-aspects\5.3.4\spring-aspects-5.3.4.jar;C:\Users\KatyaPark11\.m2\repository\com\h2database\h2\1.4.200\h2-1.4.200.jar;C:\Users\KatyaPark11\.m2\repository\org\postgresql\postgresql\42.2.18\postgresql-42.2.18.jar;C:\Users\KatyaPark11\.m2\repository\org\checkerframework\checker-qual\3.5.0\checker-qual-3.5.0.jar;C:\Users\KatyaPark11\.m2\repository\org\springframework\boot\spring-boot-starter-validation\2.4.3\spring-boot-starter-validation-2.4.3.jar;C:\Users\KatyaPark11\.m2\repository\org\glassfish\jakarta.el\3.0.3\jakarta.el-3.0.3.jar;C:\Users\KatyaPark11\.m2\repository\org\hibernate\validator\hibernate-validator\6.1.7.Final\hibernate-validator-6.1.7.Final.jar;C:\Users\KatyaPark11\.m2\repository\jakarta\validation\jakarta.validation-api\2.0.2\jakarta.validation-api-2.0.2.jar;C:\Users\KatyaPark11\.m2\repository\org\assertj\assertj-core\3.18.1\assertj-core-3.18.1.jar;C:\Users\KatyaPark11\.m2\repository\com\github\tomakehurst\wiremock-jre8\2.33.2\wiremock-jre8-2.33.2.jar;C:\Users\KatyaPark11\.m2\repository\org\eclipse\jetty\jetty-server\9.4.36.v20210114\jetty-server-9.4.36.v20210114.jar;C:\Users\KatyaPark11\.m2\repository\javax\servlet\javax.servlet-api\4.0.1\javax.servlet-api-4.0.1.jar;C:\Users\KatyaPark11\.m2\repository\org\eclipse\jetty\jetty-http\9.4.36.v20210114\jetty-http-9.4.36.v20210114.jar;C:\Users\KatyaPark11\.m2\repository\org\eclipse\jetty\jetty-io\9.4.36.v20210114\jetty-io-9.4.36.v20210114.jar;C:\Users\KatyaPark11\.m2\repository\org\eclipse\jetty\jetty-servlet\9.4.36.v20210114\jetty-servlet-9.4.36.v20210114.jar;C:\Users\KatyaPark11\.m2\repository\org\eclipse\jetty\jetty-security\9.4.36.v20210114\jetty-security-9.4.36.v20210114.jar;C:\Users\KatyaPark11\.m2\repository\org\eclipse\jetty\jetty-util-ajax\9.4.36.v20210114\jetty-util-ajax-9.4.36.v20210114.jar;C:\Users\KatyaPark11\.m2\repository\org\eclipse\jetty\jetty-servlets\9.4.36.v20210114\jetty-servlets-9.4.36.v20210114.jar;C:\Users\KatyaPark11\.m2\repository\org\eclipse\jetty\jetty-continuation\9.4.36.v20210114\jetty-continuation-9.4.36.v20210114.jar;C:\Users\KatyaPark11\.m2\repository\org\eclipse\jetty\jetty-util\9.4.36.v20210114\jetty-util-9.4.36.v20210114.jar;C:\Users\KatyaPark11\.m2\repository\org\eclipse\jetty\jetty-webapp\9.4.36.v20210114\jetty-webapp-9.4.36.v20210114.jar;C:\Users\KatyaPark11\.m2\repository\org\eclipse\jetty\jetty-xml\9.4.36.v20210114\jetty-xml-9.4.36.v20210114.jar;C:\Users\KatyaPark11\.m2\repository\org\eclipse\jetty\jetty-proxy\9.4.36.v20210114\jetty-proxy-9.4.36.v20210114.jar;C:\Users\KatyaPark11\.m2\repository\org\eclipse\jetty\jetty-client\9.4.36.v20210114\jetty-client-9.4.36.v20210114.jar;C:\Users\KatyaPark11\.m2\repository\org\eclipse\jetty\http2\http2-server\9.4.36.v20210114\http2-server-9.4.36.v20210114.jar;C:\Users\KatyaPark11\.m2\repository\org\eclipse\jetty\http2\http2-common\9.4.36.v20210114\http2-common-9.4.36.v20210114.jar;C:\Users\KatyaPark11\.m2\repository\org\eclipse\jetty\http2\http2-hpack\9.4.36.v20210114\http2-hpack-9.4.36.v20210114.jar;C:\Users\KatyaPark11\.m2\repository\org\eclipse\jetty\jetty-alpn-server\9.4.36.v20210114\jetty-alpn-server-9.4.36.v20210114.jar;C:\Users\KatyaPark11\.m2\repository\org\eclipse\jetty\jetty-alpn-java-server\9.4.36.v20210114\jetty-alpn-java-server-9.4.36.v20210114.jar;C:\Users\KatyaPark11\.m2\repository\org\eclipse\jetty\jetty-alpn-openjdk8-server\9.4.36.v20210114\jetty-alpn-openjdk8-server-9.4.36.v20210114.jar;C:\Users\KatyaPark11\.m2\repository\org\eclipse\jetty\jetty-alpn-java-client\9.4.36.v20210114\jetty-alpn-java-client-9.4.36.v20210114.jar;C:\Users\KatyaPark11\.m2\repository\org\eclipse\jetty\jetty-alpn-client\9.4.36.v20210114\jetty-alpn-client-9.4.36.v20210114.jar;C:\Users\KatyaPark11\.m2\repository\org\eclipse\jetty\jetty-alpn-openjdk8-client\9.4.36.v20210114\jetty-alpn-openjdk8-client-9.4.36.v20210114.jar;C:\Users\KatyaPark11\.m2\repository\com\google\guava\guava\31.1-jre\guava-31.1-jre.jar;C:\Users\KatyaPark11\.m2\repository\com\google\guava\failureaccess\1.0.1\failureaccess-1.0.1.jar;C:\Users\KatyaPark11\.m2\repository\com\google\guava\listenablefuture\9999.0-empty-to-avoid-conflict-with-guava\listenablefuture-9999.0-empty-to-avoid-conflict-with-guava.jar;C:\Users\KatyaPark11\.m2\repository\com\google\code\findbugs\jsr305\3.0.2\jsr305-3.0.2.jar;C:\Users\KatyaPark11\.m2\repository\com\google\errorprone\error_prone_annotations\2.11.0\error_prone_annotations-2.11.0.jar;C:\Users\KatyaPark11\.m2\repository\com\google\j2objc\j2objc-annotations\1.3\j2objc-annotations-1.3.jar;C:\Users\KatyaPark11\.m2\repository\com\fasterxml\jackson\core\jackson-core\2.11.4\jackson-core-2.11.4.jar;C:\Users\KatyaPark11\.m2\repository\com\fasterxml\jackson\core\jackson-annotations\2.11.4\jackson-annotations-2.11.4.jar;C:\Users\KatyaPark11\.m2\repository\com\fasterxml\jackson\core\jackson-databind\2.11.4\jackson-databind-2.11.4.jar;C:\Users\KatyaPark11\.m2\repository\org\apache\httpcomponents\client5\httpclient5\5.1.3\httpclient5-5.1.3.jar;C:\Users\KatyaPark11\.m2\repository\org\apache\httpcomponents\core5\httpcore5\5.1.3\httpcore5-5.1.3.jar;C:\Users\KatyaPark11\.m2\repository\org\apache\httpcomponents\core5\httpcore5-h2\5.1.3\httpcore5-h2-5.1.3.jar;C:\Users\KatyaPark11\.m2\repository\commons-codec\commons-codec\1.15\commons-codec-1.15.jar;C:\Users\KatyaPark11\.m2\repository\org\xmlunit\xmlunit-legacy\2.7.0\xmlunit-legacy-2.7.0.jar;C:\Users\KatyaPark11\.m2\repository\org\xmlunit\xmlunit-placeholders\2.7.0\xmlunit-placeholders-2.7.0.jar;C:\Users\KatyaPark11\.m2\repository\net\javacrumbs\json-unit\json-unit-core\2.33.0\json-unit-core-2.33.0.jar;C:\Users\KatyaPark11\.m2\repository\org\hamcrest\hamcrest-core\2.2\hamcrest-core-2.2.jar;C:\Users\KatyaPark11\.m2\repository\org\ow2\asm\asm\9.3\asm-9.3.jar;C:\Users\KatyaPark11\.m2\repository\org\slf4j\slf4j-api\1.7.30\slf4j-api-1.7.30.jar;C:\Users\KatyaPark11\.m2\repository\net\sf\jopt-simple\jopt-simple\5.0.4\jopt-simple-5.0.4.jar;C:\Users\KatyaPark11\.m2\repository\org\apache\commons\commons-lang3\3.11\commons-lang3-3.11.jar;C:\Users\KatyaPark11\.m2\repository\com\github\jknack\handlebars\4.3.0\handlebars-4.3.0.jar;C:\Users\KatyaPark11\.m2\repository\com\github\jknack\handlebars-helpers\4.3.0\handlebars-helpers-4.3.0.jar;C:\Users\KatyaPark11\.m2\repository\commons-fileupload\commons-fileupload\1.4\commons-fileupload-1.4.jar;C:\Users\KatyaPark11\.m2\repository\commons-io\commons-io\2.11.0\commons-io-2.11.0.jar;"/>
    <property name="java.vm.vendor" value="Oracle Corporation"/>
    <property name="sun.arch.data.model" value="64"/>
    <property name="user.variant" value=""/>
    <property name="java.vendor.url" value="https://java.oracle.com/"/>
    <property name="user.timezone" value="Asia/Yekaterinburg"/>
    <property name="os.name" value="Windows 10"/>
    <property name="java.vm.specification.version" value="21"/>
    <property name="sun.java.launcher" value="SUN_STANDARD"/>
    <property name="user.country" value="RU"/>
    <property name="sun.boot.library.path" value="C:\Program Files\Java\openJDK-21\bin"/>
    <property name="sun.java.command" value="C:\Users\KATYAP~1\AppData\Local\Temp\surefire16394464073668992329\surefirebooter5343963246903649072.jar C:\Users\KatyaPark11\AppData\Local\Temp\surefire16394464073668992329 2024-11-15T15-58-44_080-jvmRun1 surefire9812841382021449085tmp surefire_06684468547830748535tmp"/>
    <property name="jdk.debug" value="release"/>
    <property name="surefire.test.class.path" value="C:\Users\KatyaPark11\Downloads\studentTestExamples\target\test-classes;C:\Users\KatyaPark11\Downloads\studentTestExamples\target\classes;C:\Users\KatyaPark11\.m2\repository\org\springframework\boot\spring-boot-starter-web\2.4.3\spring-boot-starter-web-2.4.3.jar;C:\Users\KatyaPark11\.m2\repository\org\springframework\boot\spring-boot-starter\2.4.3\spring-boot-starter-2.4.3.jar;C:\Users\KatyaPark11\.m2\repository\org\springframework\boot\spring-boot\2.4.3\spring-boot-2.4.3.jar;C:\Users\KatyaPark11\.m2\repository\org\springframework\boot\spring-boot-autoconfigure\2.4.3\spring-boot-autoconfigure-2.4.3.jar;C:\Users\KatyaPark11\.m2\repository\org\springframework\boot\spring-boot-starter-logging\2.4.3\spring-boot-starter-logging-2.4.3.jar;C:\Users\KatyaPark11\.m2\repository\ch\qos\logback\logback-classic\1.2.3\logback-classic-1.2.3.jar;C:\Users\KatyaPark11\.m2\repository\ch\qos\logback\logback-core\1.2.3\logback-core-1.2.3.jar;C:\Users\KatyaPark11\.m2\repository\org\apache\logging\log4j\log4j-to-slf4j\2.13.3\log4j-to-slf4j-2.13.3.jar;C:\Users\KatyaPark11\.m2\repository\org\apache\logging\log4j\log4j-api\2.13.3\log4j-api-2.13.3.jar;C:\Users\KatyaPark11\.m2\repository\org\slf4j\jul-to-slf4j\1.7.30\jul-to-slf4j-1.7.30.jar;C:\Users\KatyaPark11\.m2\repository\jakarta\annotation\jakarta.annotation-api\1.3.5\jakarta.annotation-api-1.3.5.jar;C:\Users\KatyaPark11\.m2\repository\org\yaml\snakeyaml\1.27\snakeyaml-1.27.jar;C:\Users\KatyaPark11\.m2\repository\org\springframework\boot\spring-boot-starter-json\2.4.3\spring-boot-starter-json-2.4.3.jar;C:\Users\KatyaPark11\.m2\repository\com\fasterxml\jackson\datatype\jackson-datatype-jdk8\2.11.4\jackson-datatype-jdk8-2.11.4.jar;C:\Users\KatyaPark11\.m2\repository\com\fasterxml\jackson\datatype\jackson-datatype-jsr310\2.11.4\jackson-datatype-jsr310-2.11.4.jar;C:\Users\KatyaPark11\.m2\repository\com\fasterxml\jackson\module\jackson-module-parameter-names\2.11.4\jackson-module-parameter-names-2.11.4.jar;C:\Users\KatyaPark11\.m2\repository\org\springframework\boot\spring-boot-starter-tomcat\2.4.3\spring-boot-starter-tomcat-2.4.3.jar;C:\Users\KatyaPark11\.m2\repository\org\apache\tomcat\embed\tomcat-embed-core\9.0.43\tomcat-embed-core-9.0.43.jar;C:\Users\KatyaPark11\.m2\repository\org\apache\tomcat\embed\tomcat-embed-websocket\9.0.43\tomcat-embed-websocket-9.0.43.jar;C:\Users\KatyaPark11\.m2\repository\org\springframework\spring-web\5.3.4\spring-web-5.3.4.jar;C:\Users\KatyaPark11\.m2\repository\org\springframework\spring-beans\5.3.4\spring-beans-5.3.4.jar;C:\Users\KatyaPark11\.m2\repository\org\springframework\spring-webmvc\5.3.4\spring-webmvc-5.3.4.jar;C:\Users\KatyaPark11\.m2\repository\org\springframework\spring-aop\5.3.4\spring-aop-5.3.4.jar;C:\Users\KatyaPark11\.m2\repository\org\springframework\spring-context\5.3.4\spring-context-5.3.4.jar;C:\Users\KatyaPark11\.m2\repository\org\springframework\spring-expression\5.3.4\spring-expression-5.3.4.jar;C:\Users\KatyaPark11\.m2\repository\org\projectlombok\lombok\1.18.30\lombok-1.18.30.jar;C:\Users\KatyaPark11\.m2\repository\org\springframework\boot\spring-boot-starter-test\2.4.3\spring-boot-starter-test-2.4.3.jar;C:\Users\KatyaPark11\.m2\repository\org\springframework\boot\spring-boot-test\2.4.3\spring-boot-test-2.4.3.jar;C:\Users\KatyaPark11\.m2\repository\org\springframework\boot\spring-boot-test-autoconfigure\2.4.3\spring-boot-test-autoconfigure-2.4.3.jar;C:\Users\KatyaPark11\.m2\repository\com\jayway\jsonpath\json-path\2.4.0\json-path-2.4.0.jar;C:\Users\KatyaPark11\.m2\repository\net\minidev\json-smart\2.3\json-smart-2.3.jar;C:\Users\KatyaPark11\.m2\repository\net\minidev\accessors-smart\1.2\accessors-smart-1.2.jar;C:\Users\KatyaPark11\.m2\repository\jakarta\xml\bind\jakarta.xml.bind-api\2.3.3\jakarta.xml.bind-api-2.3.3.jar;C:\Users\KatyaPark11\.m2\repository\jakarta\activation\jakarta.activation-api\1.2.2\jakarta.activation-api-1.2.2.jar;C:\Users\KatyaPark11\.m2\repository\org\hamcrest\hamcrest\2.2\hamcrest-2.2.jar;C:\Users\KatyaPark11\.m2\repository\org\junit\jupiter\junit-jupiter\5.7.1\junit-jupiter-5.7.1.jar;C:\Users\KatyaPark11\.m2\repository\org\junit\jupiter\junit-jupiter-api\5.7.1\junit-jupiter-api-5.7.1.jar;C:\Users\KatyaPark11\.m2\repository\org\apiguardian\apiguardian-api\1.1.0\apiguardian-api-1.1.0.jar;C:\Users\KatyaPark11\.m2\repository\org\opentest4j\opentest4j\1.2.0\opentest4j-1.2.0.jar;C:\Users\KatyaPark11\.m2\repository\org\junit\platform\junit-platform-commons\1.7.1\junit-platform-commons-1.7.1.jar;C:\Users\KatyaPark11\.m2\repository\org\junit\jupiter\junit-jupiter-params\5.7.1\junit-jupiter-params-5.7.1.jar;C:\Users\KatyaPark11\.m2\repository\org\junit\jupiter\junit-jupiter-engine\5.7.1\junit-jupiter-engine-5.7.1.jar;C:\Users\KatyaPark11\.m2\repository\org\junit\platform\junit-platform-engine\1.7.1\junit-platform-engine-1.7.1.jar;C:\Users\KatyaPark11\.m2\repository\org\mockito\mockito-core\3.6.28\mockito-core-3.6.28.jar;C:\Users\KatyaPark11\.m2\repository\net\bytebuddy\byte-buddy\1.10.20\byte-buddy-1.10.20.jar;C:\Users\KatyaPark11\.m2\repository\net\bytebuddy\byte-buddy-agent\1.10.20\byte-buddy-agent-1.10.20.jar;C:\Users\KatyaPark11\.m2\repository\org\objenesis\objenesis\3.1\objenesis-3.1.jar;C:\Users\KatyaPark11\.m2\repository\org\mockito\mockito-junit-jupiter\3.6.28\mockito-junit-jupiter-3.6.28.jar;C:\Users\KatyaPark11\.m2\repository\org\skyscreamer\jsonassert\1.5.0\jsonassert-1.5.0.jar;C:\Users\KatyaPark11\.m2\repository\com\vaadin\external\google\android-json\0.0.20131108.vaadin1\android-json-0.0.20131108.vaadin1.jar;C:\Users\KatyaPark11\.m2\repository\org\springframework\spring-core\5.3.4\spring-core-5.3.4.jar;C:\Users\KatyaPark11\.m2\repository\org\springframework\spring-jcl\5.3.4\spring-jcl-5.3.4.jar;C:\Users\KatyaPark11\.m2\repository\org\springframework\spring-test\5.3.4\spring-test-5.3.4.jar;C:\Users\KatyaPark11\.m2\repository\org\xmlunit\xmlunit-core\2.7.0\xmlunit-core-2.7.0.jar;C:\Users\KatyaPark11\.m2\repository\org\springframework\boot\spring-boot-starter-data-jpa\2.4.3\spring-boot-starter-data-jpa-2.4.3.jar;C:\Users\KatyaPark11\.m2\repository\org\springframework\boot\spring-boot-starter-aop\2.4.3\spring-boot-starter-aop-2.4.3.jar;C:\Users\KatyaPark11\.m2\repository\org\aspectj\aspectjweaver\1.9.6\aspectjweaver-1.9.6.jar;C:\Users\KatyaPark11\.m2\repository\org\springframework\boot\spring-boot-starter-jdbc\2.4.3\spring-boot-starter-jdbc-2.4.3.jar;C:\Users\KatyaPark11\.m2\repository\com\zaxxer\HikariCP\3.4.5\HikariCP-3.4.5.jar;C:\Users\KatyaPark11\.m2\repository\org\springframework\spring-jdbc\5.3.4\spring-jdbc-5.3.4.jar;C:\Users\KatyaPark11\.m2\repository\jakarta\transaction\jakarta.transaction-api\1.3.3\jakarta.transaction-api-1.3.3.jar;C:\Users\KatyaPark11\.m2\repository\jakarta\persistence\jakarta.persistence-api\2.2.3\jakarta.persistence-api-2.2.3.jar;C:\Users\KatyaPark11\.m2\repository\org\hibernate\hibernate-core\5.4.28.Final\hibernate-core-5.4.28.Final.jar;C:\Users\KatyaPark11\.m2\repository\org\jboss\logging\jboss-logging\3.4.1.Final\jboss-logging-3.4.1.Final.jar;C:\Users\KatyaPark11\.m2\repository\org\javassist\javassist\3.27.0-GA\javassist-3.27.0-GA.jar;C:\Users\KatyaPark11\.m2\repository\antlr\antlr\2.7.7\antlr-2.7.7.jar;C:\Users\KatyaPark11\.m2\repository\org\jboss\jandex\2.2.3.Final\jandex-2.2.3.Final.jar;C:\Users\KatyaPark11\.m2\repository\com\fasterxml\classmate\1.5.1\classmate-1.5.1.jar;C:\Users\KatyaPark11\.m2\repository\org\dom4j\dom4j\2.1.3\dom4j-2.1.3.jar;C:\Users\KatyaPark11\.m2\repository\org\hibernate\common\hibernate-commons-annotations\5.1.2.Final\hibernate-commons-annotations-5.1.2.Final.jar;C:\Users\KatyaPark11\.m2\repository\org\glassfish\jaxb\jaxb-runtime\2.3.3\jaxb-runtime-2.3.3.jar;C:\Users\KatyaPark11\.m2\repository\org\glassfish\jaxb\txw2\2.3.3\txw2-2.3.3.jar;C:\Users\KatyaPark11\.m2\repository\com\sun\istack\istack-commons-runtime\3.0.11\istack-commons-runtime-3.0.11.jar;C:\Users\KatyaPark11\.m2\repository\com\sun\activation\jakarta.activation\1.2.2\jakarta.activation-1.2.2.jar;C:\Users\KatyaPark11\.m2\repository\org\springframework\data\spring-data-jpa\2.4.5\spring-data-jpa-2.4.5.jar;C:\Users\KatyaPark11\.m2\repository\org\springframework\data\spring-data-commons\2.4.5\spring-data-commons-2.4.5.jar;C:\Users\KatyaPark11\.m2\repository\org\springframework\spring-orm\5.3.4\spring-orm-5.3.4.jar;C:\Users\KatyaPark11\.m2\repository\org\springframework\spring-tx\5.3.4\spring-tx-5.3.4.jar;C:\Users\KatyaPark11\.m2\repository\org\springframework\spring-aspects\5.3.4\spring-aspects-5.3.4.jar;C:\Users\KatyaPark11\.m2\repository\com\h2database\h2\1.4.200\h2-1.4.200.jar;C:\Users\KatyaPark11\.m2\repository\org\postgresql\postgresql\42.2.18\postgresql-42.2.18.jar;C:\Users\KatyaPark11\.m2\repository\org\checkerframework\checker-qual\3.5.0\checker-qual-3.5.0.jar;C:\Users\KatyaPark11\.m2\repository\org\springframework\boot\spring-boot-starter-validation\2.4.3\spring-boot-starter-validation-2.4.3.jar;C:\Users\KatyaPark11\.m2\repository\org\glassfish\jakarta.el\3.0.3\jakarta.el-3.0.3.jar;C:\Users\KatyaPark11\.m2\repository\org\hibernate\validator\hibernate-validator\6.1.7.Final\hibernate-validator-6.1.7.Final.jar;C:\Users\KatyaPark11\.m2\repository\jakarta\validation\jakarta.validation-api\2.0.2\jakarta.validation-api-2.0.2.jar;C:\Users\KatyaPark11\.m2\repository\org\assertj\assertj-core\3.18.1\assertj-core-3.18.1.jar;C:\Users\KatyaPark11\.m2\repository\com\github\tomakehurst\wiremock-jre8\2.33.2\wiremock-jre8-2.33.2.jar;C:\Users\KatyaPark11\.m2\repository\org\eclipse\jetty\jetty-server\9.4.36.v20210114\jetty-server-9.4.36.v20210114.jar;C:\Users\KatyaPark11\.m2\repository\javax\servlet\javax.servlet-api\4.0.1\javax.servlet-api-4.0.1.jar;C:\Users\KatyaPark11\.m2\repository\org\eclipse\jetty\jetty-http\9.4.36.v20210114\jetty-http-9.4.36.v20210114.jar;C:\Users\KatyaPark11\.m2\repository\org\eclipse\jetty\jetty-io\9.4.36.v20210114\jetty-io-9.4.36.v20210114.jar;C:\Users\KatyaPark11\.m2\repository\org\eclipse\jetty\jetty-servlet\9.4.36.v20210114\jetty-servlet-9.4.36.v20210114.jar;C:\Users\KatyaPark11\.m2\repository\org\eclipse\jetty\jetty-security\9.4.36.v20210114\jetty-security-9.4.36.v20210114.jar;C:\Users\KatyaPark11\.m2\repository\org\eclipse\jetty\jetty-util-ajax\9.4.36.v20210114\jetty-util-ajax-9.4.36.v20210114.jar;C:\Users\KatyaPark11\.m2\repository\org\eclipse\jetty\jetty-servlets\9.4.36.v20210114\jetty-servlets-9.4.36.v20210114.jar;C:\Users\KatyaPark11\.m2\repository\org\eclipse\jetty\jetty-continuation\9.4.36.v20210114\jetty-continuation-9.4.36.v20210114.jar;C:\Users\KatyaPark11\.m2\repository\org\eclipse\jetty\jetty-util\9.4.36.v20210114\jetty-util-9.4.36.v20210114.jar;C:\Users\KatyaPark11\.m2\repository\org\eclipse\jetty\jetty-webapp\9.4.36.v20210114\jetty-webapp-9.4.36.v20210114.jar;C:\Users\KatyaPark11\.m2\repository\org\eclipse\jetty\jetty-xml\9.4.36.v20210114\jetty-xml-9.4.36.v20210114.jar;C:\Users\KatyaPark11\.m2\repository\org\eclipse\jetty\jetty-proxy\9.4.36.v20210114\jetty-proxy-9.4.36.v20210114.jar;C:\Users\KatyaPark11\.m2\repository\org\eclipse\jetty\jetty-client\9.4.36.v20210114\jetty-client-9.4.36.v20210114.jar;C:\Users\KatyaPark11\.m2\repository\org\eclipse\jetty\http2\http2-server\9.4.36.v20210114\http2-server-9.4.36.v20210114.jar;C:\Users\KatyaPark11\.m2\repository\org\eclipse\jetty\http2\http2-common\9.4.36.v20210114\http2-common-9.4.36.v20210114.jar;C:\Users\KatyaPark11\.m2\repository\org\eclipse\jetty\http2\http2-hpack\9.4.36.v20210114\http2-hpack-9.4.36.v20210114.jar;C:\Users\KatyaPark11\.m2\repository\org\eclipse\jetty\jetty-alpn-server\9.4.36.v20210114\jetty-alpn-server-9.4.36.v20210114.jar;C:\Users\KatyaPark11\.m2\repository\org\eclipse\jetty\jetty-alpn-java-server\9.4.36.v20210114\jetty-alpn-java-server-9.4.36.v20210114.jar;C:\Users\KatyaPark11\.m2\repository\org\eclipse\jetty\jetty-alpn-openjdk8-server\9.4.36.v20210114\jetty-alpn-openjdk8-server-9.4.36.v20210114.jar;C:\Users\KatyaPark11\.m2\repository\org\eclipse\jetty\jetty-alpn-java-client\9.4.36.v20210114\jetty-alpn-java-client-9.4.36.v20210114.jar;C:\Users\KatyaPark11\.m2\repository\org\eclipse\jetty\jetty-alpn-client\9.4.36.v20210114\jetty-alpn-client-9.4.36.v20210114.jar;C:\Users\KatyaPark11\.m2\repository\org\eclipse\jetty\jetty-alpn-openjdk8-client\9.4.36.v20210114\jetty-alpn-openjdk8-client-9.4.36.v20210114.jar;C:\Users\KatyaPark11\.m2\repository\com\google\guava\guava\31.1-jre\guava-31.1-jre.jar;C:\Users\KatyaPark11\.m2\repository\com\google\guava\failureaccess\1.0.1\failureaccess-1.0.1.jar;C:\Users\KatyaPark11\.m2\repository\com\google\guava\listenablefuture\9999.0-empty-to-avoid-conflict-with-guava\listenablefuture-9999.0-empty-to-avoid-conflict-with-guava.jar;C:\Users\KatyaPark11\.m2\repository\com\google\code\findbugs\jsr305\3.0.2\jsr305-3.0.2.jar;C:\Users\KatyaPark11\.m2\repository\com\google\errorprone\error_prone_annotations\2.11.0\error_prone_annotations-2.11.0.jar;C:\Users\KatyaPark11\.m2\repository\com\google\j2objc\j2objc-annotations\1.3\j2objc-annotations-1.3.jar;C:\Users\KatyaPark11\.m2\repository\com\fasterxml\jackson\core\jackson-core\2.11.4\jackson-core-2.11.4.jar;C:\Users\KatyaPark11\.m2\repository\com\fasterxml\jackson\core\jackson-annotations\2.11.4\jackson-annotations-2.11.4.jar;C:\Users\KatyaPark11\.m2\repository\com\fasterxml\jackson\core\jackson-databind\2.11.4\jackson-databind-2.11.4.jar;C:\Users\KatyaPark11\.m2\repository\org\apache\httpcomponents\client5\httpclient5\5.1.3\httpclient5-5.1.3.jar;C:\Users\KatyaPark11\.m2\repository\org\apache\httpcomponents\core5\httpcore5\5.1.3\httpcore5-5.1.3.jar;C:\Users\KatyaPark11\.m2\repository\org\apache\httpcomponents\core5\httpcore5-h2\5.1.3\httpcore5-h2-5.1.3.jar;C:\Users\KatyaPark11\.m2\repository\commons-codec\commons-codec\1.15\commons-codec-1.15.jar;C:\Users\KatyaPark11\.m2\repository\org\xmlunit\xmlunit-legacy\2.7.0\xmlunit-legacy-2.7.0.jar;C:\Users\KatyaPark11\.m2\repository\org\xmlunit\xmlunit-placeholders\2.7.0\xmlunit-placeholders-2.7.0.jar;C:\Users\KatyaPark11\.m2\repository\net\javacrumbs\json-unit\json-unit-core\2.33.0\json-unit-core-2.33.0.jar;C:\Users\KatyaPark11\.m2\repository\org\hamcrest\hamcrest-core\2.2\hamcrest-core-2.2.jar;C:\Users\KatyaPark11\.m2\repository\org\ow2\asm\asm\9.3\asm-9.3.jar;C:\Users\KatyaPark11\.m2\repository\org\slf4j\slf4j-api\1.7.30\slf4j-api-1.7.30.jar;C:\Users\KatyaPark11\.m2\repository\net\sf\jopt-simple\jopt-simple\5.0.4\jopt-simple-5.0.4.jar;C:\Users\KatyaPark11\.m2\repository\org\apache\commons\commons-lang3\3.11\commons-lang3-3.11.jar;C:\Users\KatyaPark11\.m2\repository\com\github\jknack\handlebars\4.3.0\handlebars-4.3.0.jar;C:\Users\KatyaPark11\.m2\repository\com\github\jknack\handlebars-helpers\4.3.0\handlebars-helpers-4.3.0.jar;C:\Users\KatyaPark11\.m2\repository\commons-fileupload\commons-fileupload\1.4\commons-fileupload-1.4.jar;C:\Users\KatyaPark11\.m2\repository\commons-io\commons-io\2.11.0\commons-io-2.11.0.jar;"/>
    <property name="sun.cpu.endian" value="little"/>
    <property name="user.home" value="C:\Users\KatyaPark11"/>
    <property name="user.language" value="ru"/>
    <property name="java.specification.vendor" value="Oracle Corporation"/>
    <property name="java.version.date" value="2024-01-16"/>
    <property name="java.home" value="C:\Program Files\Java\openJDK-21"/>
    <property name="file.separator" value="\"/>
    <property name="basedir" value="C:\Users\KatyaPark11\Downloads\studentTestExamples"/>
    <property name="java.vm.compressedOopsMode" value="Zero based"/>
    <property name="line.separator" value="&#10;"/>
    <property name="java.vm.specification.vendor" value="Oracle Corporation"/>
    <property name="java.specification.name" value="Java Platform API Specification"/>
    <property name="surefire.real.class.path" value="C:\Users\KATYAP~1\AppData\Local\Temp\surefire16394464073668992329\surefirebooter5343963246903649072.jar"/>
    <property name="user.script" value=""/>
    <property name="sun.management.compiler" value="HotSpot 64-Bit Tiered Compilers"/>
    <property name="java.runtime.version" value="21.0.2+13-58"/>
    <property name="user.name" value="KatyaPark11"/>
    <property name="stdout.encoding" value="Cp1251"/>
    <property name="path.separator" value=";"/>
    <property name="os.version" value="10.0"/>
    <property name="java.runtime.name" value="OpenJDK Runtime Environment"/>
    <property name="file.encoding" value="UTF-8"/>
    <property name="java.vm.name" value="OpenJDK 64-Bit Server VM"/>
    <property name="localRepository" value="C:\Users\KatyaPark11\.m2\repository"/>
    <property name="java.vendor.url.bug" value="https://bugreport.java.com/bugreport/"/>
    <property name="java.io.tmpdir" value="C:\Users\KATYAP~1\AppData\Local\Temp\"/>
    <property name="idea.version" value="2023.3.5"/>
    <property name="java.version" value="21.0.2"/>
    <property name="user.dir" value="C:\Users\KatyaPark11\Downloads\studentTestExamples"/>
    <property name="os.arch" value="amd64"/>
    <property name="java.vm.specification.name" value="Java Virtual Machine Specification"/>
    <property name="sun.os.patch.level" value=""/>
    <property name="native.encoding" value="Cp1251"/>
    <property name="java.library.path" value="C:\Program Files\Java\openJDK-21\bin;C:\Windows\Sun\Java\bin;C:\Windows\system32;C:\Windows;C:\Program Files (x86)\VMware\VMware Workstation\bin\;C:\Program Files\Common Files\Oracle\Java\javapath;C:\Program Files (x86)\Common Files\Oracle\Java\java8path;C:\Program Files (x86)\Common Files\Oracle\Java\javapath;C:\Program Files\ImageMagick-7.1.1-Q8;C:\Windows\system32;C:\Windows;C:\Windows\System32\Wbem;C:\Windows\System32\WindowsPowerShell\v1.0\;C:\Windows\System32\OpenSSH\;C:\Program Files\Microsoft SQL Server\150\Tools\Binn\;C:\Program Files\Microsoft SQL Server\Client SDK\ODBC\170\Tools\Binn\;C:\Program Files\dotnet\;C:\Program Files\NVIDIA Corporation\NVIDIA NvDLISR;C:\Program Files (x86)\NVIDIA Corporation\PhysX\Common;C:\Program Files\Git\cmd;C:\Program Files\nodejs\;C:\Program Files\Java\openJDK-21\bin;C:\Program Files\PuTTY\;C:\Program Files\Git LFS;C:\Program Files\Docker\Docker\resources\bin;C:\Program Files (x86)\Windows Kits\10\Windows Performance Toolkit\;C:\Users\KatyaPark11\AppData\Local\Programs\Python\Python312\Scripts\;C:\Users\KatyaPark11\AppData\Local\Programs\Python\Python312\;C:\Users\KatyaPark11\AppData\Local\Programs\Python\Launcher\;C:\Users\KatyaPark11\AppData\Local\Microsoft\WindowsApps;C:\Users\KatyaPark11\AppData\Local\GitHubDesktop\bin;C:\Users\KatyaPark11\AppData\Local\Programs\Microsoft VS Code\bin;C:\Users\KatyaPark11\AppData\Roaming\npm;C:\Users\KatyaPark11\.dotnet\tools;C:\Program Files\JetBrains\PhpStorm 2024.2.1\bin;;C:\Users\KatyaPark11\Downloads\ffmpeg\bin;;."/>
    <property name="java.vm.info" value="mixed mode, sharing"/>
    <property name="stderr.encoding" value="Cp1251"/>
    <property name="java.vendor" value="Oracle Corporation"/>
    <property name="java.vm.version" value="21.0.2+13-58"/>
    <property name="sun.io.unicode.encoding" value="UnicodeLittle"/>
    <property name="java.class.version" value="65.0"/>
  </properties>
  <testcase name="studentSavedToRepositoryWithRightBookingId" classname="com.example.demo.BookingClientTests" time="0.268"/>
  <testcase name="sendCorrectStudentName" classname="com.example.demo.BookingClientTests" time="0.156"/>
  <testcase name="throwNPEWhenCreateBookingWithNullResponse" classname="com.example.demo.BookingClientTests" time="0.015"/>
  <testcase name="bookingIdIsRight" classname="com.example.demo.BookingClientTests" time="0.112"/>
</testsuite>